#
# A fatal error has been detected by the Java Runtime Environment:
#
#  Internal Error (javaClasses.cpp:136), pid=3600, tid=5892
#  fatal error: Invalid layout of preloaded class
#
# JRE version:  (7.0_51-b13) (build )
# Java VM: Java HotSpot(TM) 64-Bit Server VM (24.51-b03 mixed mode windows-amd64 compressed oops)
# Failed to write core dump. Minidumps are not enabled by default on client versions of Windows
#
# If you would like to submit a bug report, please visit:
#   http://bugreport.sun.com/bugreport/crash.jsp
#

---------------  T H R E A D  ---------------

Current thread (0x00000000003ee000):  JavaThread "Unknown thread" [_thread_in_vm, id=5892, stack(0x00000000025f0000,0x00000000026f0000)]

Stack: [0x00000000025f0000,0x00000000026f0000]

---------------  P R O C E S S  ---------------

Java Threads: ( => current thread )

Other Threads:

=>0x00000000003ee000 (exited) JavaThread "Unknown thread" [_thread_in_vm, id=5892, stack(0x00000000025f0000,0x00000000026f0000)]

VM state:not at safepoint (not fully initialized)

VM Mutex/Monitor currently owned by a thread: None

GC Heap History (0 events):
No events

Deoptimization events (0 events):
No events

Internal exceptions (0 events):
No events

Events (10 events):
Event: 0.007 loading class 0x000000000f320760 done
Event: 0.007 loading class 0x000000000f320180 done
Event: 0.007 loading class 0x000000000f320160
Event: 0.007 loading class 0x000000000f328260
Event: 0.007 loading class 0x000000000f328260 done
Event: 0.007 loading class 0x000000000f328290
Event: 0.007 loading class 0x000000000f328290 done
Event: 0.007 loading class 0x000000000f3282c0
Event: 0.007 loading class 0x000000000f3282c0 done
Event: 0.007 loading class 0x000000000f320160 done


Dynamic libraries:
0x000000013fce0000 - 0x000000013fd13000 	C:\Program Files\Java\jre7\bin\javaw.exe
0x0000000077980000 - 0x0000000077b29000 	C:\Windows\SYSTEM32\ntdll.dll
0x0000000077860000 - 0x000000007797f000 	C:\Windows\system32\kernel32.dll
0x000007fefd9d0000 - 0x000007fefda3b000 	C:\Windows\system32\KERNELBASE.dll
0x000007feff4e0000 - 0x000007feff5bb000 	C:\Windows\system32\ADVAPI32.dll
0x000007fefdbb0000 - 0x000007fefdc4f000 	C:\Windows\system32\msvcrt.dll
0x000007feff750000 - 0x000007feff76f000 	C:\Windows\SYSTEM32\sechost.dll
0x000007feff620000 - 0x000007feff74d000 	C:\Windows\system32\RPCRT4.dll
0x0000000077760000 - 0x000000007785a000 	C:\Windows\system32\USER32.dll
0x000007feff150000 - 0x000007feff1b7000 	C:\Windows\system32\GDI32.dll
0x000007fefeda0000 - 0x000007fefedae000 	C:\Windows\system32\LPK.dll
0x000007fefec30000 - 0x000007fefecf9000 	C:\Windows\system32\USP10.dll
0x000007fefc870000 - 0x000007fefca64000 	C:\Windows\WinSxS\amd64_microsoft.windows.common-controls_6595b64144ccf1df_6.0.7601.17514_none_fa396087175ac9ac\COMCTL32.dll
0x000007fefedb0000 - 0x000007fefee21000 	C:\Windows\system32\SHLWAPI.dll
0x000007feff120000 - 0x000007feff14e000 	C:\Windows\system32\IMM32.DLL
0x000007feff770000 - 0x000007feff879000 	C:\Windows\system32\MSCTF.dll
0x000007fefd6f0000 - 0x000007fefd730000 	C:\Windows\system32\nvinitx.dll
0x0000000070230000 - 0x0000000070302000 	C:\Program Files\Java\jre7\bin\msvcr100.dll
0x000000006e5d0000 - 0x000000006ed99000 	C:\Program Files\Java\jre7\bin\server\jvm.dll
0x000007fef7d60000 - 0x000007fef7d69000 	C:\Windows\system32\WSOCK32.dll
0x000007fefdb60000 - 0x000007fefdbad000 	C:\Windows\system32\WS2_32.dll
0x000007fefdc50000 - 0x000007fefdc58000 	C:\Windows\system32\NSI.dll
0x000007fefb4d0000 - 0x000007fefb50b000 	C:\Windows\system32\WINMM.dll
0x0000000077b50000 - 0x0000000077b57000 	C:\Windows\system32\PSAPI.DLL
0x0000000073f70000 - 0x0000000073f7f000 	C:\Program Files\Java\jre7\bin\verify.dll
0x0000000073980000 - 0x00000000739a8000 	C:\Program Files\Java\jre7\bin\java.dll
0x0000000073f50000 - 0x0000000073f65000 	C:\Program Files\Java\jre7\bin\zip.dll

VM Arguments:
jvm_args: -Dfile.encoding=Cp1252 -Xbootclasspath:C:\Users\christopher\Desktop\adt-bundle-windows-x86_64-20140321\sdk\platforms\android-19\android.jar 
java_command: org.eclipse.jdt.internal.junit.runner.RemoteTestRunner -version 3 -port 55582 -testLoaderClass org.eclipse.jdt.internal.junit.runner.junit3.JUnit3TestLoader -loaderpluginname org.eclipse.jdt.junit.runtime -classNames com.chris.bitcointicker.test
Launcher Type: SUN_STANDARD

Environment Variables:
PATH=C:\Program Files (x86)\NVIDIA Corporation\PhysX\Common;C:\Program Files (x86)\Intel\iCLS Client\;C:\Program Files\Intel\iCLS Client\;C:\Windows\system32;C:\Windows;C:\Windows\System32\Wbem;C:\Windows\System32\WindowsPowerShell\v1.0\;C:\Program Files (x86)\Intel\OpenCL SDK\2.0\bin\x86;C:\Program Files (x86)\Intel\OpenCL SDK\2.0\bin\x64;C:\Program Files\Intel\Intel(R) Management Engine Components\DAL;C:\Program Files\Intel\Intel(R) Management Engine Components\IPT;C:\Program Files (x86)\Intel\Intel(R) Management Engine Components\DAL;C:\Program Files (x86)\Intel\Intel(R) Management Engine Components\IPT;C:\Program Files\ThinkPad\Bluetooth Software\;C:\Program Files\ThinkPad\Bluetooth Software\syswow64;C:\Program Files\Intel\WiFi\bin\;C:\Program Files\Common Files\Intel\WirelessCommon\;c:\users\christopher\appdata\local\enthought\canopy\user\scripts;c:\users\christopher\appdata\local\enthought\canopy\user\scripts;C:\Program Files\Intel\WiFi\bin\;C:\Program Files\Common Files\Intel\WirelessCommon\;C:\Users\christopher\AppData\Local\Enthought\Canopy\User;C:\Users\christopher\AppData\Local\Enthought\Canopy\User\Scripts
USERNAME=christopher
OS=Windows_NT
PROCESSOR_IDENTIFIER=Intel64 Family 6 Model 58 Stepping 9, GenuineIntel



---------------  S Y S T E M  ---------------

OS: Windows 7 , 64 bit Build 7601 Service Pack 1

CPU:total 8 (4 cores per cpu, 2 threads per core) family 6 model 58 stepping 9, cmov, cx8, fxsr, mmx, sse, sse2, sse3, ssse3, sse4.1, sse4.2, popcnt, avx, aes, erms, ht, tsc, tscinvbit, tscinv

Memory: 4k page, physical 16333612k(11665848k free), swap 16331748k(10585960k free)

vm_info: Java HotSpot(TM) 64-Bit Server VM (24.51-b03) for windows-amd64 JRE (1.7.0_51-b13), built on Dec 18 2013 18:40:56 by "java_re" with unknown MS VC++:1600

time: Wed Apr 02 20:38:38 2014
elapsed time: 0 seconds

